{"logTime": "0327/114640", "correlationVector":"bMlAvntUB77r3DXdtTJc3X.1","action":"SyncServerConnectionManagerRequest", "result":"SYNC_SERVER_OK", "context":{"environment":"Prod_francecentral_prod-s01-062-eur-francecentral", "migrationStage":"NotStarted", "server":"akswtt00600003r"}}
{"logTime": "0327/114640", "correlationVector":"bMlAvntUB77r3DXdtTJc3X.2","action":"ProcessGetUpdates", "result":"Done", "context":{"dataType":"Encryption Keys", "deleted":"0", "process_failed_to_decrypt":"0", "process_pending_decryption":"0", "process_success":"1", "total":"1"}}
{"logTime": "0327/114644", "correlationVector":"HT/+M2z3xihnbrgn5c34If","action":"SyncServerConnectionManagerRequest", "result":"SYNC_SERVER_OK", "context":{"environment":"", "migrationStage":"", "server":""}}
{"logTime": "0327/114644", "correlationVector":"HT/+M2z3xihnbrgn5c34If.0","action":"EncryptionKeysFetcher.DownloadKeys:", "result":"Success", "context":Key count: 5, Last key timestamp: 2025-03-27T21:43:49Z}
{"logTime": "0327/114644", "correlationVector":"HT/+M2z3xihnbrgn5c34If.1","action":"EncryptionKeysManager::SetEncryptionKeys:", "result":"Success", "context":Key names[5]:[tu6S5/vI7VqyDT1LFVDDPhuyrNOqIX58oNigveK9EHEA3Infww/eG0y5L++76+UQG5/qmQdU8W+RJfVoz69WQA==][FsMCUN296fmisKlNunGrFATMDOYhOoGV4qZ+XQIsxI7OfFZmUZ528+bSI71CLzkjiRXo/PnsoFXltIAnJnsz8g==][APzzbGvOi1TOzt/LZtzmJtujhGGoY3DULCjKZpx10FKpaLnsLM0t7SCT/d9+ukwKlQar1su0dRhZFm7JNMy0+w==][2jU6WmwEGP2zGnBZhLotShSgT7KhOXypAMZz87EFhtBV63ZugPVEs0auyXLjv1UNGHca3NNLF9eulDZmdZJs9A==][R2bGyxQbCaETVz7si5+A7Uhpy33hpErRPWuOFwM7ZuJe8oK5TwHIKDFt3kU2w1MrTF149ZbWIhk3MxKmpCLHhg==]}
{"logTime": "0327/114644", "correlationVector":"HT/+M2z3xihnbrgn5c34If.2","action":"EncryptionKeysManager::SetEncryptionKeysWithTimestamps:", "result":"Success", "context":Key timestamps[5]:[2021-03-24T15:37:51Z][2021-06-11T12:34:43Z][2021-12-25T19:53:52Z][2022-09-19T16:04:41Z][2025-03-27T21:43:49Z]}
{"logTime": "0327/114644", "correlationVector":"bMlAvntUB77r3DXdtTJc3X","action":"Initial GetUpdates", "result":"", "context":Reason: NEW_CLIENT. cV=bMlAvntUB77r3DXdtTJc3X}
{"logTime": "0327/114644", "correlationVector":"bMlAvntUB77r3DXdtTJc3X.3","action":"GetUpdates Response", "result":"Success", "context":Received 1 update(s). cV=bMlAvntUB77r3DXdtTJc3X.0;server=akswtt00600003r;cloudType=Consumer;environment=Prod_francecentral_prod-s01-062-eur-francecentral;migrationStage=NotStarted}
{"logTime": "0327/114644", "correlationVector":"l7DoZ1zdaNpE4w90ob8ZqH","action":"Initial GetUpdates", "result":"", "context":Reason: NEWLY_SUPPORTED_DATATYPE. cV=l7DoZ1zdaNpE4w90ob8ZqH}
{"logTime": "0327/114644", "correlationVector":"l7DoZ1zdaNpE4w90ob8ZqH.1","action":"SyncServerConnectionManagerRequest", "result":"SYNC_SERVER_OK", "context":{"environment":"Prod_francecentral_prod-s01-062-eur-francecentral", "migrationStage":"NotStarted", "server":"akswtt00600000o"}}
{"logTime": "0327/114644", "correlationVector":"l7DoZ1zdaNpE4w90ob8ZqH.2","action":"ProcessGetUpdates", "result":"Done", "context":{"dataType":"Preferences", "deleted":"0", "process_failed_to_decrypt":"0", "process_pending_decryption":"0", "process_success":"30", "total":"30"}}
{"logTime": "0327/114644", "correlationVector":"l7DoZ1zdaNpE4w90ob8ZqH.3","action":"ProcessGetUpdates", "result":"Done", "context":{"dataType":"Device Info", "deleted":"0", "process_failed_to_decrypt":"0", "process_pending_decryption":"0", "process_success":"3", "total":"3"}}
{"logTime": "0327/114644", "correlationVector":"l7DoZ1zdaNpE4w90ob8ZqH.4","action":"GetUpdates Response", "result":"Success", "context":Received 33 update(s). cV=l7DoZ1zdaNpE4w90ob8ZqH.0;server=akswtt00600000o;cloudType=Consumer;environment=Prod_francecentral_prod-s01-062-eur-francecentral;migrationStage=NotStarted}
{"logTime": "0327/114644", "correlationVector":"1PzWHGd7FgU+5gvttXgeyQ","action":"Initial GetUpdates", "result":"", "context":Reason: NEWLY_SUPPORTED_DATATYPE. cV=1PzWHGd7FgU+5gvttXgeyQ}
{"logTime": "0327/114644", "correlationVector":"1PzWHGd7FgU+5gvttXgeyQ.1","action":"SyncServerConnectionManagerRequest", "result":"SYNC_SERVER_OK", "context":{"environment":"Prod_francecentral_prod-s01-062-eur-francecentral", "migrationStage":"NotStarted", "server":"akswtt00600000t"}}
{"logTime": "0327/114644", "correlationVector":"1PzWHGd7FgU+5gvttXgeyQ.2","action":"ProcessGetUpdates", "result":"Done", "context":{"dataType":"Bookmarks", "deleted":"0", "process_failed_to_decrypt":"0", "process_pending_decryption":"0", "process_success":"5", "total":"5"}}
{"logTime": "0327/114644", "correlationVector":"1PzWHGd7FgU+5gvttXgeyQ.3","action":"GetUpdates Response", "result":"Success", "context":Received 5 update(s). cV=1PzWHGd7FgU+5gvttXgeyQ.0;server=akswtt00600000t;cloudType=Consumer;environment=Prod_francecentral_prod-s01-062-eur-francecentral;migrationStage=NotStarted}
{"logTime": "0327/114645", "correlationVector":"zLSDlRAXs68HZvFuJv8TDf","action":"Initial GetUpdates", "result":"", "context":Reason: NEWLY_SUPPORTED_DATATYPE. cV=zLSDlRAXs68HZvFuJv8TDf}
{"logTime": "0327/114645", "correlationVector":"zLSDlRAXs68HZvFuJv8TDf.1","action":"SyncServerConnectionManagerRequest", "result":"SYNC_SERVER_OK", "context":{"environment":"Prod_francecentral_prod-s01-062-eur-francecentral", "migrationStage":"NotStarted", "server":"akswtt00600004e"}}
{"logTime": "0327/114645", "correlationVector":"zLSDlRAXs68HZvFuJv8TDf.2","action":"ProcessGetUpdates", "result":"Done", "context":{"dataType":"Autofill", "deleted":"0", "process_failed_to_decrypt":"0", "process_pending_decryption":"0", "process_success":"1", "total":"1"}}
{"logTime": "0327/114645", "correlationVector":"zLSDlRAXs68HZvFuJv8TDf.3","action":"ProcessGetUpdates", "result":"Done", "context":{"dataType":"Sessions", "deleted":"0", "process_failed_to_decrypt":"0", "process_pending_decryption":"0", "process_success":"1", "total":"1"}}
{"logTime": "0327/114645", "correlationVector":"zLSDlRAXs68HZvFuJv8TDf.4","action":"GetUpdates Response", "result":"Success", "context":Received 2 update(s). cV=zLSDlRAXs68HZvFuJv8TDf.0;server=akswtt00600004e;cloudType=Consumer;environment=Prod_francecentral_prod-s01-062-eur-francecentral;migrationStage=NotStarted}
{"logTime": "0327/114645", "correlationVector":"UZIsGCCOouMPkiKFEefXVg","action":"Initial GetUpdates", "result":"", "context":Reason: NEWLY_SUPPORTED_DATATYPE. cV=UZIsGCCOouMPkiKFEefXVg}
{"logTime": "0327/114645", "correlationVector":"UZIsGCCOouMPkiKFEefXVg.1","action":"SyncServerConnectionManagerRequest", "result":"SYNC_SERVER_OK", "context":{"environment":"Prod_francecentral_prod-s01-062-eur-francecentral", "migrationStage":"NotStarted", "server":"akswtt00600000y"}}
{"logTime": "0327/114645", "correlationVector":"UZIsGCCOouMPkiKFEefXVg.2","action":"GetUpdates Response", "result":"Success", "context":Received 0 update(s). cV=UZIsGCCOouMPkiKFEefXVg.0;server=akswtt00600000y;cloudType=Consumer;environment=Prod_francecentral_prod-s01-062-eur-francecentral;migrationStage=NotStarted}
{"logTime": "0327/114645", "correlationVector":"1211hucAsE3wcW+jnbqp+g","action":"Normal GetUpdate request", "result":"", "context":cV=1211hucAsE3wcW+jnbqp+g
Nudged types: Sessions, Device Info, User Consents, Encryption Keys
Refresh requested types: Bookmarks, Preferences, Passwords, Autofill Profiles, Autofill, Extensions, Sessions, Extension settings, History Delete Directives, Device Info, User Consents, Send Tab To Self, Web Apps, History, Collection, Edge E Drop, Edge Hub App Usage, Edge Tab Group, Edge Wallet, Encryption Keys}
{"logTime": "0327/114645", "correlationVector":"1211hucAsE3wcW+jnbqp+g.1","action":"SyncServerConnectionManagerRequest", "result":"SYNC_SERVER_OK", "context":{"environment":"Prod_francecentral_prod-s01-062-eur-francecentral", "migrationStage":"NotStarted", "server":"akswtt00600004e"}}
{"logTime": "0327/114645", "correlationVector":"1211hucAsE3wcW+jnbqp+g.2","action":"GetUpdates Response", "result":"Success", "context":Received 0 update(s). cV=1211hucAsE3wcW+jnbqp+g.0;server=akswtt00600004e;cloudType=Consumer;environment=Prod_francecentral_prod-s01-062-eur-francecentral;migrationStage=NotStarted}
{"logTime": "0327/114645", "correlationVector":"PZGUR/jOPgF5vG94UOye4B","action":"Commit Request", "result":"", "context":Item count: 1
Contributing types: Encryption Keys}
{"logTime": "0327/114645", "correlationVector":"PZGUR/jOPgF5vG94UOye4B.1","action":"SyncServerConnectionManagerRequest", "result":"SYNC_SERVER_OK", "context":{"environment":"Prod_francecentral_prod-s01-062-eur-francecentral", "migrationStage":"NotStarted", "server":"akswtt00600000a"}}
{"logTime": "0327/114645", "correlationVector":"PZGUR/jOPgF5vG94UOye4B.2","action":"Commit Response", "result":"Success", "context":Result: Success. cV=PZGUR/jOPgF5vG94UOye4B.0;server=akswtt00600000a;cloudType=Consumer;environment=Prod_francecentral_prod-s01-062-eur-francecentral;migrationStage=NotStarted}
{"logTime": "0327/114645", "correlationVector":"N635foxvrN1/6iU6vvNSKN","action":"Commit Request", "result":"", "context":Item count: 3
Contributing types: Sessions, Device Info, User Consents}
{"logTime": "0327/114646", "correlationVector":"N635foxvrN1/6iU6vvNSKN.1","action":"SyncServerConnectionManagerRequest", "result":"SYNC_SERVER_OK", "context":{"environment":"Prod_francecentral_prod-s01-062-eur-francecentral", "migrationStage":"NotStarted", "server":"akswtt00600000t"}}
{"logTime": "0327/114646", "correlationVector":"N635foxvrN1/6iU6vvNSKN.2","action":"Commit Response", "result":"Success", "context":Result: Success. cV=N635foxvrN1/6iU6vvNSKN.0;server=akswtt00600000t;cloudType=Consumer;environment=Prod_francecentral_prod-s01-062-eur-francecentral;migrationStage=NotStarted}
{"logTime": "0327/114650", "correlationVector":"OekaZuoIWiQtux3lBNxE3W","action":"Commit Request", "result":"", "context":Item count: 1
Contributing types: User Consents}
{"logTime": "0327/114651", "correlationVector":"OekaZuoIWiQtux3lBNxE3W.1","action":"SyncServerConnectionManagerRequest", "result":"SYNC_SERVER_OK", "context":{"environment":"Prod_francecentral_prod-s01-062-eur-francecentral", "migrationStage":"NotStarted", "server":"akswtt00600003t"}}
{"logTime": "0327/114651", "correlationVector":"OekaZuoIWiQtux3lBNxE3W.2","action":"Commit Response", "result":"Success", "context":Result: Success. cV=OekaZuoIWiQtux3lBNxE3W.0;server=akswtt00600003t;cloudType=Consumer;environment=Prod_francecentral_prod-s01-062-eur-francecentral;migrationStage=NotStarted}
